[START] training for strict
{'eval_valid_loss': 0.11156740039587021, 'eval_valid_f1': 0.26850212234727533, 'eval_valid_precision': 0.2925535887581031, 'eval_valid_recall': 0.28013323982200755, 'eval_valid_accuracy': nan, 'eval_valid_runtime': 1.1796, 'eval_valid_samples_per_second': 84.776, 'eval_valid_steps_per_second': 5.934, 'epoch': 1.0}
{'eval_test_loss': 0.4562114477157593, 'eval_test_f1': 0.27443820534532865, 'eval_test_precision': 0.3119536541451308, 'eval_test_recall': 0.30219374584731823, 'eval_test_accuracy': 0.8095698105389435, 'eval_test_runtime': 1.1616, 'eval_test_samples_per_second': 86.089, 'eval_test_steps_per_second': 6.026, 'epoch': 1.0}
{'eval_valid_loss': 0.0964425653219223, 'eval_valid_f1': 0.24450126840289002, 'eval_valid_precision': 0.2869348988607301, 'eval_valid_recall': 0.2433150101707404, 'eval_valid_accuracy': nan, 'eval_valid_runtime': 1.1407, 'eval_valid_samples_per_second': 87.667, 'eval_valid_steps_per_second': 6.137, 'epoch': 2.0}
{'eval_test_loss': 0.46482113003730774, 'eval_test_f1': 0.26143856987944825, 'eval_test_precision': 0.33465355315655465, 'eval_test_recall': 0.2583502304041829, 'eval_test_accuracy': 0.8167657258925981, 'eval_test_runtime': 1.148, 'eval_test_samples_per_second': 87.107, 'eval_test_steps_per_second': 6.097, 'epoch': 2.0}
{'eval_valid_loss': 0.08843042701482773, 'eval_valid_f1': 0.3144017971220391, 'eval_valid_precision': 0.3077589073969509, 'eval_valid_recall': 0.34335758073017203, 'eval_valid_accuracy': nan, 'eval_valid_runtime': 1.1409, 'eval_valid_samples_per_second': 87.652, 'eval_valid_steps_per_second': 6.136, 'epoch': 3.0}
{'eval_test_loss': 0.47524651885032654, 'eval_test_f1': 0.3476481674823581, 'eval_test_precision': 0.350886744448668, 'eval_test_recall': 0.38732220851170723, 'eval_test_accuracy': 0.8255249898581678, 'eval_test_runtime': 1.1734, 'eval_test_samples_per_second': 85.226, 'eval_test_steps_per_second': 5.966, 'epoch': 3.0}
{'eval_valid_loss': 0.07363267242908478, 'eval_valid_f1': 0.3136363831368849, 'eval_valid_precision': 0.3176905526415508, 'eval_valid_recall': 0.3277564587284415, 'eval_valid_accuracy': nan, 'eval_valid_runtime': 1.1735, 'eval_valid_samples_per_second': 85.213, 'eval_valid_steps_per_second': 5.965, 'epoch': 4.0}
{'eval_test_loss': 0.5203750729560852, 'eval_test_f1': 0.32608919578527973, 'eval_test_precision': 0.35153220310114136, 'eval_test_recall': 0.3498642817215696, 'eval_test_accuracy': 0.8357352367094257, 'eval_test_runtime': 1.1596, 'eval_test_samples_per_second': 86.24, 'eval_test_steps_per_second': 6.037, 'epoch': 4.0}
{'eval_valid_loss': 0.09305278956890106, 'eval_valid_f1': 0.315692274367621, 'eval_valid_precision': 0.31721240112544463, 'eval_valid_recall': 0.33166593941847494, 'eval_valid_accuracy': nan, 'eval_valid_runtime': 1.1478, 'eval_valid_samples_per_second': 87.121, 'eval_valid_steps_per_second': 6.098, 'epoch': 5.0}
{'eval_test_loss': 0.6284328103065491, 'eval_test_f1': 0.3380234959191968, 'eval_test_precision': 0.34529575668706786, 'eval_test_recall': 0.36974561360810404, 'eval_test_accuracy': 0.8319759810854889, 'eval_test_runtime': 1.1569, 'eval_test_samples_per_second': 86.441, 'eval_test_steps_per_second': 6.051, 'epoch': 5.0}
{'eval_valid_loss': 0.1016608402132988, 'eval_valid_f1': 0.33310414330152566, 'eval_valid_precision': 0.3331735314983397, 'eval_valid_recall': 0.3508395754511373, 'eval_valid_accuracy': nan, 'eval_valid_runtime': 1.1416, 'eval_valid_samples_per_second': 87.594, 'eval_valid_steps_per_second': 6.132, 'epoch': 6.0}
{'eval_test_loss': 0.6700396537780762, 'eval_test_f1': 0.3563247038637208, 'eval_test_precision': 0.3714704361058446, 'eval_test_recall': 0.39862242341549575, 'eval_test_accuracy': 0.8315422702521719, 'eval_test_runtime': 1.1779, 'eval_test_samples_per_second': 84.896, 'eval_test_steps_per_second': 5.943, 'epoch': 6.0}
{'eval_valid_loss': 0.1148122102022171, 'eval_valid_f1': 0.3301624537492309, 'eval_valid_precision': 0.3485096071873565, 'eval_valid_recall': 0.3355505548030903, 'eval_valid_accuracy': nan, 'eval_valid_runtime': 1.2138, 'eval_valid_samples_per_second': 82.386, 'eval_valid_steps_per_second': 5.767, 'epoch': 7.0}
{'eval_test_loss': 0.7879094481468201, 'eval_test_f1': 0.34142048283841475, 'eval_test_precision': 0.3831762455879108, 'eval_test_recall': 0.35880302288207383, 'eval_test_accuracy': 0.833663345331349, 'eval_test_runtime': 1.2001, 'eval_test_samples_per_second': 83.329, 'eval_test_steps_per_second': 5.833, 'epoch': 7.0}
{'eval_valid_loss': 0.10642127692699432, 'eval_valid_f1': 0.3299529677164382, 'eval_valid_precision': 0.33609706959706964, 'eval_valid_recall': 0.33469101483325625, 'eval_valid_accuracy': nan, 'eval_valid_runtime': 1.1364, 'eval_valid_samples_per_second': 87.999, 'eval_valid_steps_per_second': 6.16, 'epoch': 8.0}
{'eval_test_loss': 0.7649338245391846, 'eval_test_f1': 0.3266243770478333, 'eval_test_precision': 0.38259342695517573, 'eval_test_recall': 0.34051541781742556, 'eval_test_accuracy': 0.834518653739434, 'eval_test_runtime': 1.1493, 'eval_test_samples_per_second': 87.009, 'eval_test_steps_per_second': 6.091, 'epoch': 8.0}
{'loss': 0.0841, 'grad_norm': 1.3242411613464355, 'learning_rate': 1.6551724137931037e-05, 'epoch': 8.62}
{'eval_valid_loss': 0.12810741364955902, 'eval_valid_f1': 0.309264235423183, 'eval_valid_precision': 0.32703038991340244, 'eval_valid_recall': 0.31409107310831447, 'eval_valid_accuracy': nan, 'eval_valid_runtime': 1.1716, 'eval_valid_samples_per_second': 85.354, 'eval_valid_steps_per_second': 5.975, 'epoch': 9.0}
{'eval_test_loss': 0.8542594313621521, 'eval_test_f1': 0.3140219961048462, 'eval_test_precision': 0.39039259363808043, 'eval_test_recall': 0.32610821642655125, 'eval_test_accuracy': 0.8358593947878741, 'eval_test_runtime': 1.1829, 'eval_test_samples_per_second': 84.54, 'eval_test_steps_per_second': 5.918, 'epoch': 9.0}
{'eval_valid_loss': 0.18590356409549713, 'eval_valid_f1': 0.3263933439615421, 'eval_valid_precision': 0.32623809906993956, 'eval_valid_recall': 0.3435884507306921, 'eval_valid_accuracy': nan, 'eval_valid_runtime': 1.137, 'eval_valid_samples_per_second': 87.949, 'eval_valid_steps_per_second': 6.156, 'epoch': 10.0}
{'eval_test_loss': 0.8624879717826843, 'eval_test_f1': 0.3557451133753218, 'eval_test_precision': 0.3741490536044266, 'eval_test_recall': 0.405982350978104, 'eval_test_accuracy': 0.8376858074203639, 'eval_test_runtime': 1.1567, 'eval_test_samples_per_second': 86.451, 'eval_test_steps_per_second': 6.052, 'epoch': 10.0}
{'eval_valid_loss': 0.19440212845802307, 'eval_valid_f1': 0.3297110907552833, 'eval_valid_precision': 0.333344550262857, 'eval_valid_recall': 0.3485024648774649, 'eval_valid_accuracy': nan, 'eval_valid_runtime': 1.131, 'eval_valid_samples_per_second': 88.414, 'eval_valid_steps_per_second': 6.189, 'epoch': 11.0}
{'eval_test_loss': 0.9466679096221924, 'eval_test_f1': 0.35364292181117185, 'eval_test_precision': 0.36973337145494, 'eval_test_recall': 0.3980059037296417, 'eval_test_accuracy': 0.835402106832737, 'eval_test_runtime': 1.1458, 'eval_test_samples_per_second': 87.272, 'eval_test_steps_per_second': 6.109, 'epoch': 11.0}
{'train_runtime': 282.5711, 'train_samples_per_second': 161.552, 'train_steps_per_second': 10.263, 'train_loss': 0.06699989404424231, 'epoch': 11.0}
train label [[-100, 0, 0, 0, 0, 0, 0, 0, 0, 0, 0, 0, 0, 0, 0, 0, 0, 0, 0, 0, 0, 0, 0, 0, -100, -100, -100, -100, -100, -100, -100, -100, 1, 1, 1, 1, 1, 1, 1, 1, 1, 1, 1, 1, 1, 1, 1, -100]]
train prediction before [0, 0, 1, 1, 0, 1, 0, 0, 0, 0, 0, 0, 0, 1, 1, 0, 0, 0, 0, 0, 0, 0, 0, 0, 1, 0, 1, 0, 0, 1, 1, 0, 0, 0, 1, 1, 1, 1, 0, 1, 0, 0, 0, 0, 0, 0, 1, 0]
train prediction after [1, 0, 0, 0, 0, 0, 0, 0, 0, 0, 0, 0, 0, 0, 0, 0, 0, 0, 0, 0, 0, 0, 0, 0, 0, 0, 0, 0, 0, 0, 0, 0, 1, 1, 1, 1, 1, 1, 1, 1, 1, 1, 1, 1, 1, 1, 1, 1]
valid label [[-100, 1, 1, 1, 1, 1, 1, 1, 1, 1, -100, -100, -100, -100, -100, -100, -100, -100, -100, -100, -100, -100, -100, -100, -100, -100, -100, -100, -100, -100, -100, -100, -100, -100, -100, -100, -100, -100, -100, -100, -100, -100, -100, -100, -100, -100, -100, -100, -100, -100, -100, -100, -100, -100, -100, -100, -100, -100, -100, -100, -100, -100, -100, -100, -100, -100, -100, -100]]
valid prediction before [0, 0, 1, 0, 0, 1, 0, 0, 0, 1, 1, 0, 1, 0, 1, 0, 0, 0, 1, 0, 1, 0, 1, 1, 1, 1, 1, 0, 0, 1, 0, 0, 1, 0, 1, 0, 0, 0, 1, 0, 1, 1, 0, 0, 0, 0, 0, 1, 1, 0, 1, 0, 1, 0, 0, 1, 1, 1, 0, 0, 0, 0, 0, 0, 0, 0, 1, 0]
valid prediction after [1, 1, 1, 1, 1, 1, 1, 1, 1, 1, 1, 1, 1, 1, 1, 1, 1, 1, 1, 1, 1, 1, 1, 1, 1, 1, 1, 1, 1, 1, 1, 1, 1, 1, 1, 1, 1, 1, 1, 1, 1, 1, 1, 1, 1, 1, 1, 1, 1, 1, 1, 1, 1, 1, 1, 1, 1, 1, 1, 1, 1, 1, 1, 1, 1, 1, 1, 1]
expert label [[-100, 1, 1, 1, 1, 1, 1, 1, 1, 1, 1, 1, 1, 1, 1, 1, 1, 1, 1, 1, 1, 1, 1, 1, 1, 1, 1, 1, 1, 1, 1, 1, 1, 1, 1, 1, 1, 1, 1, 1, 1, 1, 1, 1, 1, 1, 1, 1, 1, 1, 1, 1, 1, 1, 1, 1, 1, 1, 1, 1, 1, 1, 1, 1, 1, 1, 1, 1, 1, 1, 1, 1, 1, 1, 0, 0, 0, 0, 0, 0, 0, 0, 0, 0, 0, 0, 0, 0, 0, 0, 0, 0, 0, 0, 0, 0, 0, 0, 0, 0, 0, 0, 0, 0, 0, 0, 0, 0, 0, 0, 0, 0, 0, 0, -100]]
expert prediction before [0, 1, 1, 0, 0, 1, 0, 0, 0, 0, 1, 1, 1, 0, 0, 0, 0, 1, 0, 1, 0, 1, 0, 0, 1, 1, 0, 1, 0, 0, 1, 1, 1, 0, 0, 0, 0, 0, 1, 0, 0, 0, 0, 0, 1, 1, 0, 0, 1, 0, 0, 1, 1, 0, 0, 1, 1, 1, 0, 0, 0, 1, 1, 1, 1, 1, 0, 0, 0, 0, 0, 1, 1, 0, 0, 0, 0, 1, 0, 0, 1, 0, 0, 1, 0, 1, 0, 1, 1, 0, 1, 1, 1, 1, 1, 1, 1, 1, 0, 0, 0, 1, 1, 1, 1, 1, 1, 0, 1, 0, 0, 0, 0, 0, 1]
expert prediction after [0, 0, 0, 1, 1, 1, 1, 1, 1, 1, 1, 1, 1, 1, 1, 1, 1, 0, 0, 0, 0, 0, 0, 0, 0, 1, 1, 1, 1, 1, 1, 1, 1, 1, 1, 1, 1, 1, 1, 1, 1, 0, 0, 0, 0, 0, 0, 0, 0, 0, 0, 0, 0, 0, 1, 0, 0, 1, 0, 0, 0, 0, 0, 0, 0, 0, 0, 0, 0, 0, 0, 0, 0, 0, 0, 0, 0, 0, 0, 0, 0, 0, 0, 0, 0, 0, 0, 0, 0, 0, 0, 0, 0, 0, 0, 0, 0, 0, 0, 0, 0, 0, 0, 0, 0, 0, 0, 0, 0, 0, 0, 0, 0, 0, 1]
[FINISH] training for strict
=====================
[START] training for complex
{'eval_valid_loss': 0.16740402579307556, 'eval_valid_f1': 0.049132656615415236, 'eval_valid_precision': 0.10496757164404222, 'eval_valid_recall': 0.03946317058339458, 'eval_valid_accuracy': 0.8784013389443236, 'eval_valid_runtime': 1.1766, 'eval_valid_samples_per_second': 84.993, 'eval_valid_steps_per_second': 5.949, 'epoch': 1.0}
{'eval_test_loss': 0.46666619181632996, 'eval_test_f1': 0.06347441007156418, 'eval_test_precision': 0.19240336134453784, 'eval_test_recall': 0.04569601912321561, 'eval_test_accuracy': 0.7513798292960757, 'eval_test_runtime': 1.1621, 'eval_test_samples_per_second': 86.05, 'eval_test_steps_per_second': 6.023, 'epoch': 1.0}
{'eval_valid_loss': 0.1666307896375656, 'eval_valid_f1': 0.045767636189007165, 'eval_valid_precision': 0.088991341991342, 'eval_valid_recall': 0.03714946167536146, 'eval_valid_accuracy': 0.8843665399891314, 'eval_valid_runtime': 1.1669, 'eval_valid_samples_per_second': 85.696, 'eval_valid_steps_per_second': 5.999, 'epoch': 2.0}
{'eval_test_loss': 0.5276538133621216, 'eval_test_f1': 0.03841571189059454, 'eval_test_precision': 0.1029404761904762, 'eval_test_recall': 0.028728502441451528, 'eval_test_accuracy': 0.7445312860398297, 'eval_test_runtime': 1.1937, 'eval_test_samples_per_second': 83.772, 'eval_test_steps_per_second': 5.864, 'epoch': 2.0}
{'eval_valid_loss': 0.1575646549463272, 'eval_valid_f1': 0.129240115634022, 'eval_valid_precision': 0.15731265659592591, 'eval_valid_recall': 0.13528909119157514, 'eval_valid_accuracy': 0.8861034186236154, 'eval_valid_runtime': 1.171, 'eval_valid_samples_per_second': 85.395, 'eval_valid_steps_per_second': 5.978, 'epoch': 3.0}
{'eval_test_loss': 0.4643816351890564, 'eval_test_f1': 0.15705719775205332, 'eval_test_precision': 0.2563512058965776, 'eval_test_recall': 0.1339283374446437, 'eval_test_accuracy': 0.7810374672262299, 'eval_test_runtime': 1.1959, 'eval_test_samples_per_second': 83.621, 'eval_test_steps_per_second': 5.853, 'epoch': 3.0}
{'eval_valid_loss': 0.17695526778697968, 'eval_valid_f1': 0.14452987266476686, 'eval_valid_precision': 0.15927440777330315, 'eval_valid_recall': 0.1769234361385385, 'eval_valid_accuracy': 0.8836522633204678, 'eval_valid_runtime': 1.1566, 'eval_valid_samples_per_second': 86.462, 'eval_valid_steps_per_second': 6.052, 'epoch': 4.0}
{'eval_test_loss': 0.5303890705108643, 'eval_test_f1': 0.17847548643394556, 'eval_test_precision': 0.2677750811268118, 'eval_test_recall': 0.15471996913821054, 'eval_test_accuracy': 0.7908416278452646, 'eval_test_runtime': 1.2091, 'eval_test_samples_per_second': 82.709, 'eval_test_steps_per_second': 5.79, 'epoch': 4.0}
{'eval_valid_loss': 0.19156265258789062, 'eval_valid_f1': 0.146655232805881, 'eval_valid_precision': 0.153389548640531, 'eval_valid_recall': 0.1770460975281602, 'eval_valid_accuracy': 0.8815587472141917, 'eval_valid_runtime': 1.1618, 'eval_valid_samples_per_second': 86.075, 'eval_valid_steps_per_second': 6.025, 'epoch': 5.0}
{'eval_test_loss': 0.5691502690315247, 'eval_test_f1': 0.18057109326018048, 'eval_test_precision': 0.24143878641698838, 'eval_test_recall': 0.15805764880678366, 'eval_test_accuracy': 0.7898352156664936, 'eval_test_runtime': 1.1618, 'eval_test_samples_per_second': 86.074, 'eval_test_steps_per_second': 6.025, 'epoch': 5.0}
{'eval_valid_loss': 0.26844823360443115, 'eval_valid_f1': 0.1842705660327254, 'eval_valid_precision': 0.18708644484475653, 'eval_valid_recall': 0.25604809647307164, 'eval_valid_accuracy': 0.8576843333587041, 'eval_valid_runtime': 1.1645, 'eval_valid_samples_per_second': 85.876, 'eval_valid_steps_per_second': 6.011, 'epoch': 6.0}
{'eval_test_loss': 0.5327159762382507, 'eval_test_f1': 0.25504330106420925, 'eval_test_precision': 0.3196291441285853, 'eval_test_recall': 0.25039203457186704, 'eval_test_accuracy': 0.801338624497013, 'eval_test_runtime': 1.1998, 'eval_test_samples_per_second': 83.345, 'eval_test_steps_per_second': 5.834, 'epoch': 6.0}
{'eval_valid_loss': 0.24445390701293945, 'eval_valid_f1': 0.1612756358390654, 'eval_valid_precision': 0.1680098971019128, 'eval_valid_recall': 0.19379600747567557, 'eval_valid_accuracy': 0.8776883229867518, 'eval_valid_runtime': 1.1757, 'eval_valid_samples_per_second': 85.056, 'eval_valid_steps_per_second': 5.954, 'epoch': 7.0}
{'eval_test_loss': 0.6773441433906555, 'eval_test_f1': 0.20164079193665146, 'eval_test_precision': 0.25970807545872854, 'eval_test_recall': 0.18210820865005914, 'eval_test_accuracy': 0.7976052492386262, 'eval_test_runtime': 1.1555, 'eval_test_samples_per_second': 86.545, 'eval_test_steps_per_second': 6.058, 'epoch': 7.0}
{'eval_valid_loss': 0.3076140880584717, 'eval_valid_f1': 0.1381743565275757, 'eval_valid_precision': 0.15807050919211688, 'eval_valid_recall': 0.16002125413818236, 'eval_valid_accuracy': 0.8840143480957843, 'eval_valid_runtime': 1.1669, 'eval_valid_samples_per_second': 85.698, 'eval_valid_steps_per_second': 5.999, 'epoch': 8.0}
{'eval_test_loss': 0.9419705867767334, 'eval_test_f1': 0.1686254325807891, 'eval_test_precision': 0.2453402377851836, 'eval_test_recall': 0.1451496305787402, 'eval_test_accuracy': 0.7902892628038649, 'eval_test_runtime': 1.2042, 'eval_test_samples_per_second': 83.04, 'eval_test_steps_per_second': 5.813, 'epoch': 8.0}
{'loss': 0.1435, 'grad_norm': 3.747633457183838, 'learning_rate': 1.6551724137931037e-05, 'epoch': 8.62}
{'eval_valid_loss': 0.2638700604438782, 'eval_valid_f1': 0.15653852866620224, 'eval_valid_precision': 0.1653136371581497, 'eval_valid_recall': 0.18593125166805094, 'eval_valid_accuracy': 0.881972993908785, 'eval_valid_runtime': 1.1577, 'eval_valid_samples_per_second': 86.379, 'eval_valid_steps_per_second': 6.047, 'epoch': 9.0}
{'eval_test_loss': 0.7398256659507751, 'eval_test_f1': 0.1901159943785462, 'eval_test_precision': 0.27854015555024036, 'eval_test_recall': 0.16919704828910206, 'eval_test_accuracy': 0.7875158861825043, 'eval_test_runtime': 1.1589, 'eval_test_samples_per_second': 86.288, 'eval_test_steps_per_second': 6.04, 'epoch': 9.0}
{'eval_valid_loss': 0.30594781041145325, 'eval_valid_f1': 0.14170878645123053, 'eval_valid_precision': 0.15448222897828315, 'eval_valid_recall': 0.17284698123447179, 'eval_valid_accuracy': 0.8698493544503455, 'eval_valid_runtime': 1.1582, 'eval_valid_samples_per_second': 86.338, 'eval_valid_steps_per_second': 6.044, 'epoch': 10.0}
{'eval_test_loss': 0.8671570420265198, 'eval_test_f1': 0.1798357117140879, 'eval_test_precision': 0.25832529762764067, 'eval_test_recall': 0.1544123636516172, 'eval_test_accuracy': 0.7846178707209052, 'eval_test_runtime': 1.1599, 'eval_test_samples_per_second': 86.212, 'eval_test_steps_per_second': 6.035, 'epoch': 10.0}
{'eval_valid_loss': 0.31496113538742065, 'eval_valid_f1': 0.14240074657981597, 'eval_valid_precision': 0.16248587132146036, 'eval_valid_recall': 0.15855385679157774, 'eval_valid_accuracy': 0.8806933517158276, 'eval_valid_runtime': 1.177, 'eval_valid_samples_per_second': 84.959, 'eval_valid_steps_per_second': 5.947, 'epoch': 11.0}
{'eval_test_loss': 0.9601287841796875, 'eval_test_f1': 0.16987522581064451, 'eval_test_precision': 0.26699219356346715, 'eval_test_recall': 0.14086584527323134, 'eval_test_accuracy': 0.7876224404611513, 'eval_test_runtime': 1.179, 'eval_test_samples_per_second': 84.817, 'eval_test_steps_per_second': 5.937, 'epoch': 11.0}
{'train_runtime': 281.5296, 'train_samples_per_second': 162.15, 'train_steps_per_second': 10.301, 'train_loss': 0.12182173385141785, 'epoch': 11.0}
train label [[-100, 0, 0, 0, 0, 0, 0, 0, 0, 0, 0, 0, 0, 0, 0, 0, 0, 0, 0, 0, 0, 0, 0, 0, 0, 0, 0, 0, 0, 0, 0, 0, 1, 1, 1, 1, 1, 1, 1, 1, 1, 1, 1, 1, 1, 1, 1, -100]]
train prediction before [1, 1, 1, 1, 0, 0, 1, 1, 1, 1, 1, 1, 1, 0, 0, 1, 1, 1, 1, 1, 1, 1, 1, 0, 1, 1, 0, 1, 0, 1, 1, 0, 1, 0, 1, 1, 1, 0, 1, 1, 1, 1, 1, 1, 1, 0, 0, 1]
train prediction after [1, 0, 0, 0, 0, 0, 0, 0, 0, 0, 0, 0, 0, 0, 0, 0, 0, 0, 0, 0, 0, 0, 0, 0, 0, 0, 0, 0, 0, 0, 0, 1, 1, 1, 1, 1, 1, 1, 1, 1, 1, 1, 1, 1, 1, 1, 1, 1]
valid label [[-100, 1, 1, 1, 1, 1, 1, 1, 1, 1, 0, 0, 0, 0, 0, 0, 0, 0, 0, 0, 0, 0, 0, 0, 0, 0, 0, 0, 0, 0, 0, 0, 0, 0, 0, 0, 0, 0, 0, 0, 0, 0, 0, 0, 0, 0, 0, 0, 0, 0, 0, 0, 0, 0, 0, 0, 0, 0, 0, 0, 0, 0, 0, 0, 0, 0, 0, -100]]
valid prediction before [1, 0, 0, 0, 0, 0, 0, 0, 0, 0, 0, 0, 1, 0, 0, 1, 0, 1, 0, 1, 1, 1, 1, 0, 0, 0, 0, 0, 0, 0, 0, 1, 1, 0, 0, 0, 0, 0, 0, 0, 0, 1, 0, 0, 0, 0, 0, 0, 0, 0, 1, 1, 0, 1, 0, 0, 1, 1, 1, 1, 0, 0, 0, 0, 0, 0, 0, 1]
valid prediction after [0, 0, 0, 0, 0, 0, 0, 0, 0, 0, 0, 0, 0, 0, 0, 0, 0, 0, 1, 0, 1, 0, 1, 1, 1, 1, 1, 1, 1, 1, 1, 1, 1, 1, 1, 0, 0, 0, 0, 0, 0, 0, 0, 0, 0, 0, 0, 0, 0, 0, 0, 0, 0, 0, 0, 0, 0, 0, 0, 0, 0, 0, 0, 0, 0, 0, 0, 1]
expert label [[-100, 1, 1, 1, 1, 1, 1, 1, 1, 1, 1, 1, 1, 1, 1, 1, 1, 1, 1, 1, 1, 1, 1, 1, 1, 1, 1, 1, 1, 1, 1, 1, 1, 1, 1, 1, 1, 1, 1, 1, 1, 1, 1, 1, 1, 1, 1, 1, 1, 1, 1, 1, 1, 1, 1, 1, 1, 1, 1, 1, 1, 1, 1, 1, 1, 1, 1, 1, 1, 1, 1, 1, 1, 1, 0, 0, 0, 0, 0, 0, 0, 0, 0, 0, 0, 0, 0, 0, 0, 0, 0, 0, 0, 0, 0, 0, 0, 0, 0, 0, 0, 0, 0, 0, 0, 0, 0, 0, 0, 0, 0, 0, 0, 0, -100]]
expert prediction before [1, 1, 1, 1, 1, 1, 0, 0, 0, 1, 1, 1, 1, 1, 1, 0, 1, 0, 0, 0, 0, 0, 0, 0, 1, 1, 1, 1, 1, 1, 0, 0, 0, 1, 0, 0, 0, 1, 1, 1, 1, 1, 0, 1, 0, 0, 0, 0, 0, 0, 0, 0, 1, 1, 0, 0, 1, 0, 1, 1, 0, 0, 0, 1, 1, 1, 0, 1, 1, 0, 1, 0, 0, 1, 1, 0, 1, 1, 1, 1, 1, 0, 0, 0, 0, 0, 0, 0, 0, 0, 0, 0, 0, 1, 1, 1, 0, 1, 0, 0, 1, 0, 1, 0, 1, 1, 1, 0, 0, 1, 1, 1, 1, 1, 0]
expert prediction after [0, 0, 0, 0, 0, 0, 0, 0, 0, 0, 0, 0, 0, 0, 0, 0, 1, 0, 0, 0, 0, 0, 0, 0, 0, 1, 1, 1, 1, 1, 1, 1, 1, 1, 1, 1, 1, 1, 0, 0, 0, 0, 0, 0, 0, 0, 0, 0, 0, 0, 0, 0, 0, 0, 0, 0, 0, 0, 0, 0, 0, 0, 0, 0, 0, 0, 0, 0, 0, 0, 0, 0, 0, 0, 0, 0, 0, 0, 0, 0, 0, 0, 0, 0, 0, 0, 0, 0, 0, 0, 0, 0, 0, 0, 0, 0, 0, 0, 0, 0, 0, 0, 0, 0, 0, 0, 0, 0, 0, 0, 0, 0, 0, 0, 0]
[FINISH] training for complex
=====================
[START] training for harsh
{'eval_valid_loss': 0.14662475883960724, 'eval_valid_f1': 0.02547363288052943, 'eval_valid_precision': 0.063, 'eval_valid_recall': 0.019451479076479077, 'eval_valid_accuracy': 0.9022208219811811, 'eval_valid_runtime': 1.1763, 'eval_valid_samples_per_second': 85.013, 'eval_valid_steps_per_second': 5.951, 'epoch': 1.0}
{'eval_test_loss': 0.4879712164402008, 'eval_test_f1': 0.02709625667431415, 'eval_test_precision': 0.127, 'eval_test_recall': 0.01898479167791731, 'eval_test_accuracy': 0.7382144279186212, 'eval_test_runtime': 1.1616, 'eval_test_samples_per_second': 86.089, 'eval_test_steps_per_second': 6.026, 'epoch': 1.0}
{'eval_valid_loss': 0.14398115873336792, 'eval_valid_f1': 0.025401443001442998, 'eval_valid_precision': 0.055, 'eval_valid_recall': 0.01966986036838978, 'eval_valid_accuracy': 0.9058702051079485, 'eval_valid_runtime': 1.1724, 'eval_valid_samples_per_second': 85.292, 'eval_valid_steps_per_second': 5.97, 'epoch': 2.0}
{'eval_test_loss': 0.6560880541801453, 'eval_test_f1': 0.018428623469749696, 'eval_test_precision': 0.07, 'eval_test_recall': 0.014720807129364213, 'eval_test_accuracy': 0.7365947931252959, 'eval_test_runtime': 1.1637, 'eval_test_samples_per_second': 85.935, 'eval_test_steps_per_second': 6.015, 'epoch': 2.0}
{'eval_valid_loss': 0.13292507827281952, 'eval_valid_f1': 0.1128695109069598, 'eval_valid_precision': 0.14457427221900906, 'eval_valid_recall': 0.10769734549705225, 'eval_valid_accuracy': 0.9091677530801081, 'eval_valid_runtime': 1.1646, 'eval_valid_samples_per_second': 85.864, 'eval_valid_steps_per_second': 6.01, 'epoch': 3.0}
{'eval_test_loss': 0.5773276686668396, 'eval_test_f1': 0.10753810860296181, 'eval_test_precision': 0.23458106805475226, 'eval_test_recall': 0.07817698157492417, 'eval_test_accuracy': 0.7617582088717821, 'eval_test_runtime': 1.1786, 'eval_test_samples_per_second': 84.849, 'eval_test_steps_per_second': 5.939, 'epoch': 3.0}
{'eval_valid_loss': 0.14671528339385986, 'eval_valid_f1': 0.14033967760997365, 'eval_valid_precision': 0.16314077909699967, 'eval_valid_recall': 0.16712822252271275, 'eval_valid_accuracy': 0.8934849147276764, 'eval_valid_runtime': 1.1524, 'eval_valid_samples_per_second': 86.778, 'eval_valid_steps_per_second': 6.074, 'epoch': 4.0}
{'eval_test_loss': 0.5588464140892029, 'eval_test_f1': 0.17180248140387572, 'eval_test_precision': 0.28985003251790775, 'eval_test_recall': 0.13844416371949989, 'eval_test_accuracy': 0.7790200189449707, 'eval_test_runtime': 1.1714, 'eval_test_samples_per_second': 85.371, 'eval_test_steps_per_second': 5.976, 'epoch': 4.0}
{'eval_valid_loss': 0.15554119646549225, 'eval_valid_f1': 0.1456770948659817, 'eval_valid_precision': 0.16335699943299503, 'eval_valid_recall': 0.1604402065898946, 'eval_valid_accuracy': 0.9008532839911902, 'eval_valid_runtime': 1.1578, 'eval_valid_samples_per_second': 86.369, 'eval_valid_steps_per_second': 6.046, 'epoch': 5.0}
{'eval_test_loss': 0.6340343356132507, 'eval_test_f1': 0.17402885845125216, 'eval_test_precision': 0.2855941734958907, 'eval_test_recall': 0.14225721169208644, 'eval_test_accuracy': 0.7868613636120422, 'eval_test_runtime': 1.1884, 'eval_test_samples_per_second': 84.143, 'eval_test_steps_per_second': 5.89, 'epoch': 5.0}
{'eval_valid_loss': 0.19266235828399658, 'eval_valid_f1': 0.16057860509120317, 'eval_valid_precision': 0.16906074680064687, 'eval_valid_recall': 0.19951692077282407, 'eval_valid_accuracy': 0.8849886291160093, 'eval_valid_runtime': 1.187, 'eval_valid_samples_per_second': 84.249, 'eval_valid_steps_per_second': 5.897, 'epoch': 6.0}
{'eval_test_loss': 0.5810859203338623, 'eval_test_f1': 0.2050102057758103, 'eval_test_precision': 0.31059067945475133, 'eval_test_recall': 0.17802216837397553, 'eval_test_accuracy': 0.7891124514930664, 'eval_test_runtime': 1.1572, 'eval_test_samples_per_second': 86.416, 'eval_test_steps_per_second': 6.049, 'epoch': 6.0}
{'eval_valid_loss': 0.18226945400238037, 'eval_valid_f1': 0.14966708037796356, 'eval_valid_precision': 0.17102911465369303, 'eval_valid_recall': 0.18226036052919484, 'eval_valid_accuracy': 0.8934418553461663, 'eval_valid_runtime': 1.1723, 'eval_valid_samples_per_second': 85.303, 'eval_valid_steps_per_second': 5.971, 'epoch': 7.0}
{'eval_test_loss': 0.7141796946525574, 'eval_test_f1': 0.186159198317019, 'eval_test_precision': 0.3018196581387085, 'eval_test_recall': 0.15109884618023972, 'eval_test_accuracy': 0.7888823268623306, 'eval_test_runtime': 1.1611, 'eval_test_samples_per_second': 86.129, 'eval_test_steps_per_second': 6.029, 'epoch': 7.0}
{'eval_valid_loss': 0.21948686242103577, 'eval_valid_f1': 0.14413736526230658, 'eval_valid_precision': 0.1586239021054335, 'eval_valid_recall': 0.18710159616137878, 'eval_valid_accuracy': 0.8904860274239028, 'eval_valid_runtime': 1.1576, 'eval_valid_samples_per_second': 86.388, 'eval_valid_steps_per_second': 6.047, 'epoch': 8.0}
{'eval_test_loss': 0.811089038848877, 'eval_test_f1': 0.18657544372838092, 'eval_test_precision': 0.2954734360099324, 'eval_test_recall': 0.15535548149620668, 'eval_test_accuracy': 0.7873205546163302, 'eval_test_runtime': 1.1801, 'eval_test_samples_per_second': 84.736, 'eval_test_steps_per_second': 5.932, 'epoch': 8.0}
{'loss': 0.114, 'grad_norm': 1.619067907333374, 'learning_rate': 1.6551724137931037e-05, 'epoch': 8.62}
{'eval_valid_loss': 0.22793380916118622, 'eval_valid_f1': 0.13175640400026892, 'eval_valid_precision': 0.1651622514740162, 'eval_valid_recall': 0.14683560768304244, 'eval_valid_accuracy': 0.899001223403322, 'eval_valid_runtime': 1.1528, 'eval_valid_samples_per_second': 86.748, 'eval_valid_steps_per_second': 6.072, 'epoch': 9.0}
{'eval_test_loss': 0.9603750705718994, 'eval_test_f1': 0.1451083266873877, 'eval_test_precision': 0.27802002376708257, 'eval_test_recall': 0.11551479388171064, 'eval_test_accuracy': 0.7730559192239318, 'eval_test_runtime': 1.159, 'eval_test_samples_per_second': 86.284, 'eval_test_steps_per_second': 6.04, 'epoch': 9.0}
{'eval_valid_loss': 0.2517422139644623, 'eval_valid_f1': 0.14265674534372258, 'eval_valid_precision': 0.15926429031924388, 'eval_valid_recall': 0.1760917044726078, 'eval_valid_accuracy': 0.8981269328030506, 'eval_valid_runtime': 1.1536, 'eval_valid_samples_per_second': 86.688, 'eval_valid_steps_per_second': 6.068, 'epoch': 10.0}
{'eval_test_loss': 0.9955617785453796, 'eval_test_f1': 0.15715051540792932, 'eval_test_precision': 0.26832760700682656, 'eval_test_recall': 0.12605229818231345, 'eval_test_accuracy': 0.7786657829224396, 'eval_test_runtime': 1.1564, 'eval_test_samples_per_second': 86.475, 'eval_test_steps_per_second': 6.053, 'epoch': 10.0}
{'eval_valid_loss': 0.24893690645694733, 'eval_valid_f1': 0.14512142378331613, 'eval_valid_precision': 0.1700684787302057, 'eval_valid_recall': 0.14649024789371712, 'eval_valid_accuracy': 0.9053044189938307, 'eval_valid_runtime': 1.1942, 'eval_valid_samples_per_second': 83.739, 'eval_valid_steps_per_second': 5.862, 'epoch': 11.0}
{'eval_test_loss': 1.104999303817749, 'eval_test_f1': 0.13878488377899076, 'eval_test_precision': 0.26610688913246455, 'eval_test_recall': 0.10783026101790011, 'eval_test_accuracy': 0.7737692368150277, 'eval_test_runtime': 1.1582, 'eval_test_samples_per_second': 86.34, 'eval_test_steps_per_second': 6.044, 'epoch': 11.0}
{'train_runtime': 271.3434, 'train_samples_per_second': 168.237, 'train_steps_per_second': 10.688, 'train_loss': 0.09583565583423387, 'epoch': 11.0}
train label [[-100, 0, 0, 0, 0, 0, 0, 0, 0, 0, 0, 0, 0, 0, 0, 0, 0, 0, 0, 0, 0, 0, 0, 0, 0, 0, 0, 0, 0, 0, 0, 0, 1, 1, 1, 1, 1, 1, 1, 1, 1, 1, 1, 1, 1, 1, 1, -100]]
train prediction before [1, 1, 1, 1, 0, 0, 1, 1, 1, 1, 1, 1, 1, 0, 0, 1, 1, 1, 1, 1, 1, 1, 1, 0, 1, 1, 0, 1, 0, 1, 1, 0, 1, 0, 1, 1, 1, 0, 1, 1, 1, 1, 1, 1, 1, 0, 0, 1]
train prediction after [1, 0, 0, 0, 0, 0, 0, 0, 0, 0, 0, 0, 0, 0, 0, 0, 0, 0, 0, 0, 0, 0, 0, 0, 0, 0, 0, 0, 0, 0, 0, 0, 1, 1, 1, 1, 1, 1, 1, 1, 1, 1, 1, 1, 1, 1, 1, 0]
valid label [[-100, 1, 1, 1, 1, 1, 1, 1, 1, 1, 0, 0, 0, 0, 0, 0, 0, 0, 0, 0, 0, 0, 0, 0, 0, 0, 0, 0, 0, 0, 0, 0, 0, 0, 0, 0, 0, 0, 0, 0, 0, 0, 0, 0, 0, 0, 0, 0, 0, 0, 0, 0, 0, 0, 0, 0, 0, 0, 0, 0, 0, 0, 0, 0, 0, 0, 0, -100]]
valid prediction before [1, 0, 0, 0, 0, 0, 0, 0, 0, 0, 0, 0, 1, 0, 0, 1, 0, 1, 0, 1, 1, 1, 1, 0, 0, 0, 0, 0, 0, 0, 0, 1, 1, 0, 0, 0, 0, 0, 0, 0, 0, 1, 0, 0, 0, 0, 0, 0, 0, 0, 1, 1, 0, 1, 0, 0, 1, 1, 1, 1, 0, 0, 0, 0, 0, 0, 0, 1]
valid prediction after [0, 0, 0, 0, 0, 0, 0, 0, 0, 0, 0, 0, 0, 0, 0, 0, 0, 0, 0, 0, 0, 0, 1, 1, 1, 1, 1, 1, 1, 1, 1, 1, 1, 1, 1, 0, 0, 0, 0, 0, 0, 0, 0, 0, 0, 0, 0, 0, 0, 0, 0, 0, 0, 0, 0, 0, 0, 0, 1, 1, 1, 1, 1, 0, 1, 0, 1, 1]
expert label [[-100, 1, 1, 1, 1, 1, 1, 1, 1, 1, 1, 1, 1, 1, 1, 1, 1, 1, 1, 1, 1, 1, 1, 1, 1, 1, 1, 1, 1, 1, 1, 1, 1, 1, 1, 1, 1, 1, 1, 1, 1, 1, 1, 1, 1, 1, 1, 1, 1, 1, 1, 1, 1, 1, 1, 1, 1, 1, 1, 1, 1, 1, 1, 1, 1, 1, 1, 1, 1, 1, 1, 1, 1, 1, 0, 0, 0, 0, 0, 0, 0, 0, 0, 0, 0, 0, 0, 0, 0, 0, 0, 0, 0, 0, 0, 0, 0, 0, 0, 0, 0, 0, 0, 0, 0, 0, 0, 0, 0, 0, 0, 0, 0, 0, -100]]
expert prediction before [1, 1, 1, 1, 1, 1, 0, 0, 0, 1, 1, 1, 1, 1, 1, 0, 1, 0, 0, 0, 0, 0, 0, 0, 1, 1, 1, 1, 1, 1, 0, 0, 0, 1, 0, 0, 0, 1, 1, 1, 1, 1, 0, 1, 0, 0, 0, 0, 0, 0, 0, 0, 1, 1, 0, 0, 1, 0, 1, 1, 0, 0, 0, 1, 1, 1, 0, 1, 1, 0, 1, 0, 0, 1, 1, 0, 1, 1, 1, 1, 1, 0, 0, 0, 0, 0, 0, 0, 0, 0, 0, 0, 0, 1, 1, 1, 0, 1, 0, 0, 1, 0, 1, 0, 1, 1, 1, 0, 0, 1, 1, 1, 1, 1, 0]
expert prediction after [0, 0, 0, 0, 0, 0, 0, 0, 0, 0, 0, 0, 0, 0, 0, 0, 0, 0, 0, 0, 0, 0, 0, 0, 0, 0, 1, 0, 1, 0, 0, 0, 0, 0, 0, 0, 0, 0, 0, 0, 0, 0, 0, 0, 0, 0, 0, 0, 0, 0, 0, 0, 0, 0, 0, 0, 0, 0, 0, 0, 0, 0, 0, 0, 0, 0, 0, 0, 0, 0, 0, 0, 0, 0, 0, 0, 0, 0, 0, 0, 0, 0, 0, 0, 0, 0, 0, 0, 0, 0, 0, 0, 0, 0, 0, 0, 0, 0, 0, 0, 0, 0, 0, 0, 0, 0, 0, 0, 0, 0, 0, 0, 0, 0, 0]
[FINISH] training for harsh
=====================
[START] training for naive
{'eval_valid_loss': 0.4163367450237274, 'eval_valid_f1': 0.31263267444645754, 'eval_valid_precision': 0.3581124392623342, 'eval_valid_recall': 0.33045803463414203, 'eval_valid_accuracy': 0.8277658463259285, 'eval_valid_runtime': 1.1747, 'eval_valid_samples_per_second': 85.129, 'eval_valid_steps_per_second': 5.959, 'epoch': 1.0}
{'eval_test_loss': 0.3794337511062622, 'eval_test_f1': 0.290707691459527, 'eval_test_precision': 0.33272827857563025, 'eval_test_recall': 0.3108303314399709, 'eval_test_accuracy': 0.8104709552203896, 'eval_test_runtime': 1.185, 'eval_test_samples_per_second': 84.389, 'eval_test_steps_per_second': 5.907, 'epoch': 1.0}
{'eval_valid_loss': 0.41844090819358826, 'eval_valid_f1': 0.3450026442284608, 'eval_valid_precision': 0.3933299008659831, 'eval_valid_recall': 0.3588327609399359, 'eval_valid_accuracy': 0.8231435313842431, 'eval_valid_runtime': 1.1634, 'eval_valid_samples_per_second': 85.956, 'eval_valid_steps_per_second': 6.017, 'epoch': 2.0}
{'eval_test_loss': 0.3721933662891388, 'eval_test_f1': 0.3241751780806936, 'eval_test_precision': 0.38105116601519384, 'eval_test_recall': 0.333634590017926, 'eval_test_accuracy': 0.8181057978834807, 'eval_test_runtime': 1.1596, 'eval_test_samples_per_second': 86.239, 'eval_test_steps_per_second': 6.037, 'epoch': 2.0}
{'eval_valid_loss': 0.4309948980808258, 'eval_valid_f1': 0.3786506428481452, 'eval_valid_precision': 0.3903989480840779, 'eval_valid_recall': 0.42376123272753125, 'eval_valid_accuracy': 0.8359260823180239, 'eval_valid_runtime': 1.1971, 'eval_valid_samples_per_second': 83.534, 'eval_valid_steps_per_second': 5.847, 'epoch': 3.0}
{'eval_test_loss': 0.3707179129123688, 'eval_test_f1': 0.34762468989119916, 'eval_test_precision': 0.36692667609336427, 'eval_test_recall': 0.38098312602782053, 'eval_test_accuracy': 0.8214838265364024, 'eval_test_runtime': 1.1803, 'eval_test_samples_per_second': 84.723, 'eval_test_steps_per_second': 5.931, 'epoch': 3.0}
{'eval_valid_loss': 0.47288021445274353, 'eval_valid_f1': 0.40889832113025126, 'eval_valid_precision': 0.41793385307073516, 'eval_valid_recall': 0.48853577514360325, 'eval_valid_accuracy': 0.8062919812942152, 'eval_valid_runtime': 1.1735, 'eval_valid_samples_per_second': 85.219, 'eval_valid_steps_per_second': 5.965, 'epoch': 4.0}
{'eval_test_loss': 0.42350322008132935, 'eval_test_f1': 0.3790832536766554, 'eval_test_precision': 0.3681923426931052, 'eval_test_recall': 0.4423019599126052, 'eval_test_accuracy': 0.801505102397153, 'eval_test_runtime': 1.1893, 'eval_test_samples_per_second': 84.083, 'eval_test_steps_per_second': 5.886, 'epoch': 4.0}
{'eval_valid_loss': 0.4721900224685669, 'eval_valid_f1': 0.4082208504501144, 'eval_valid_precision': 0.4100826834296201, 'eval_valid_recall': 0.47111869242082094, 'eval_valid_accuracy': 0.825597100001018, 'eval_valid_runtime': 1.1747, 'eval_valid_samples_per_second': 85.131, 'eval_valid_steps_per_second': 5.959, 'epoch': 5.0}
{'eval_test_loss': 0.41414734721183777, 'eval_test_f1': 0.3666352667397578, 'eval_test_precision': 0.36864167899187633, 'eval_test_recall': 0.40906736213014805, 'eval_test_accuracy': 0.8091509222180862, 'eval_test_runtime': 1.1952, 'eval_test_samples_per_second': 83.667, 'eval_test_steps_per_second': 5.857, 'epoch': 5.0}
{'eval_valid_loss': 0.5066314935684204, 'eval_valid_f1': 0.40881464335059314, 'eval_valid_precision': 0.4335886515666434, 'eval_valid_recall': 0.46137376119503815, 'eval_valid_accuracy': 0.822176832328094, 'eval_valid_runtime': 1.187, 'eval_valid_samples_per_second': 84.245, 'eval_valid_steps_per_second': 5.897, 'epoch': 6.0}
{'eval_test_loss': 0.44656261801719666, 'eval_test_f1': 0.3675690294178872, 'eval_test_precision': 0.39071658419195127, 'eval_test_recall': 0.39589258005834027, 'eval_test_accuracy': 0.8144925421897382, 'eval_test_runtime': 1.1799, 'eval_test_samples_per_second': 84.752, 'eval_test_steps_per_second': 5.933, 'epoch': 6.0}
{'eval_valid_loss': 0.5001174807548523, 'eval_valid_f1': 0.4232705887549422, 'eval_valid_precision': 0.4439945897911819, 'eval_valid_recall': 0.4843580704137932, 'eval_valid_accuracy': 0.8215559664210954, 'eval_valid_runtime': 1.1638, 'eval_valid_samples_per_second': 85.926, 'eval_valid_steps_per_second': 6.015, 'epoch': 7.0}
{'eval_test_loss': 0.4505593776702881, 'eval_test_f1': 0.37005565535854495, 'eval_test_precision': 0.382542403057575, 'eval_test_recall': 0.40031961397763943, 'eval_test_accuracy': 0.8067563437509945, 'eval_test_runtime': 1.2014, 'eval_test_samples_per_second': 83.24, 'eval_test_steps_per_second': 5.827, 'epoch': 7.0}
{'eval_valid_loss': 0.5348353385925293, 'eval_valid_f1': 0.41890814777330326, 'eval_valid_precision': 0.4432057512518237, 'eval_valid_recall': 0.48288110065640616, 'eval_valid_accuracy': 0.8096579103858476, 'eval_valid_runtime': 1.1577, 'eval_valid_samples_per_second': 86.376, 'eval_valid_steps_per_second': 6.046, 'epoch': 8.0}
{'eval_test_loss': 0.4676952362060547, 'eval_test_f1': 0.3743574848257732, 'eval_test_precision': 0.3909117847553088, 'eval_test_recall': 0.41263979244606064, 'eval_test_accuracy': 0.8001253668172397, 'eval_test_runtime': 1.1885, 'eval_test_samples_per_second': 84.137, 'eval_test_steps_per_second': 5.89, 'epoch': 8.0}
{'loss': 0.2694, 'grad_norm': 1.515159249305725, 'learning_rate': 1.6551724137931037e-05, 'epoch': 8.62}
{'eval_valid_loss': 0.5833255648612976, 'eval_valid_f1': 0.4128290111546744, 'eval_valid_precision': 0.42814839013334327, 'eval_valid_recall': 0.4736265542014004, 'eval_valid_accuracy': 0.8193898230155939, 'eval_valid_runtime': 1.1553, 'eval_valid_samples_per_second': 86.558, 'eval_valid_steps_per_second': 6.059, 'epoch': 9.0}
{'eval_test_loss': 0.5339228510856628, 'eval_test_f1': 0.36746029955379234, 'eval_test_precision': 0.37456709045444003, 'eval_test_recall': 0.40177496829663417, 'eval_test_accuracy': 0.7991379198710304, 'eval_test_runtime': 1.1572, 'eval_test_samples_per_second': 86.417, 'eval_test_steps_per_second': 6.049, 'epoch': 9.0}
{'eval_valid_loss': 0.6189656853675842, 'eval_valid_f1': 0.4097469478633648, 'eval_valid_precision': 0.4388414471433835, 'eval_valid_recall': 0.47905784174796784, 'eval_valid_accuracy': 0.8204617270959669, 'eval_valid_runtime': 1.162, 'eval_valid_samples_per_second': 86.056, 'eval_valid_steps_per_second': 6.024, 'epoch': 10.0}
{'eval_test_loss': 0.5575457811355591, 'eval_test_f1': 0.37117202348406514, 'eval_test_precision': 0.37987892609120794, 'eval_test_recall': 0.4117531039821411, 'eval_test_accuracy': 0.8071992389306927, 'eval_test_runtime': 1.1698, 'eval_test_samples_per_second': 85.488, 'eval_test_steps_per_second': 5.984, 'epoch': 10.0}
{'eval_valid_loss': 0.6219457387924194, 'eval_valid_f1': 0.43023965302678163, 'eval_valid_precision': 0.43739850830846083, 'eval_valid_recall': 0.5150893096636732, 'eval_valid_accuracy': 0.813400594918562, 'eval_valid_runtime': 1.1549, 'eval_valid_samples_per_second': 86.591, 'eval_valid_steps_per_second': 6.061, 'epoch': 11.0}
{'eval_test_loss': 0.5703911781311035, 'eval_test_f1': 0.3797006045244634, 'eval_test_precision': 0.3753847156301562, 'eval_test_recall': 0.4327580511206287, 'eval_test_accuracy': 0.7939964453941896, 'eval_test_runtime': 1.165, 'eval_test_samples_per_second': 85.84, 'eval_test_steps_per_second': 6.009, 'epoch': 11.0}
{'eval_valid_loss': 0.6492491364479065, 'eval_valid_f1': 0.418953535167818, 'eval_valid_precision': 0.4300352074143591, 'eval_valid_recall': 0.4996477682019359, 'eval_valid_accuracy': 0.8145329928448649, 'eval_valid_runtime': 1.1827, 'eval_valid_samples_per_second': 84.552, 'eval_valid_steps_per_second': 5.919, 'epoch': 12.0}
{'eval_test_loss': 0.5899631381034851, 'eval_test_f1': 0.3697882427323504, 'eval_test_precision': 0.3743139498481888, 'eval_test_recall': 0.4186250639472749, 'eval_test_accuracy': 0.7976533516937089, 'eval_test_runtime': 1.1648, 'eval_test_samples_per_second': 85.851, 'eval_test_steps_per_second': 6.01, 'epoch': 12.0}
{'eval_valid_loss': 0.6651633977890015, 'eval_valid_f1': 0.4104023159952577, 'eval_valid_precision': 0.42528979798577077, 'eval_valid_recall': 0.48123822101930025, 'eval_valid_accuracy': 0.8065144799541446, 'eval_valid_runtime': 1.1518, 'eval_valid_samples_per_second': 86.823, 'eval_valid_steps_per_second': 6.078, 'epoch': 13.0}
{'eval_test_loss': 0.6205437183380127, 'eval_test_f1': 0.367590195742638, 'eval_test_precision': 0.38490384128364385, 'eval_test_recall': 0.40540615476621283, 'eval_test_accuracy': 0.7955738168048008, 'eval_test_runtime': 1.1699, 'eval_test_samples_per_second': 85.48, 'eval_test_steps_per_second': 5.984, 'epoch': 13.0}
{'eval_valid_loss': 0.7143906950950623, 'eval_valid_f1': 0.3998610716726367, 'eval_valid_precision': 0.4440312251478195, 'eval_valid_recall': 0.4566608306121646, 'eval_valid_accuracy': 0.8154536945031188, 'eval_valid_runtime': 1.1561, 'eval_valid_samples_per_second': 86.5, 'eval_valid_steps_per_second': 6.055, 'epoch': 14.0}
{'eval_test_loss': 0.6545712351799011, 'eval_test_f1': 0.35556520667008146, 'eval_test_precision': 0.37833046366532824, 'eval_test_recall': 0.3890942979063905, 'eval_test_accuracy': 0.802711681852535, 'eval_test_runtime': 1.1638, 'eval_test_samples_per_second': 85.923, 'eval_test_steps_per_second': 6.015, 'epoch': 14.0}
{'eval_valid_loss': 0.7368409633636475, 'eval_valid_f1': 0.3983743919644686, 'eval_valid_precision': 0.4542745985460974, 'eval_valid_recall': 0.44662454276317504, 'eval_valid_accuracy': 0.8176715184634538, 'eval_valid_runtime': 1.1653, 'eval_valid_samples_per_second': 85.817, 'eval_valid_steps_per_second': 6.007, 'epoch': 15.0}
{'eval_test_loss': 0.6809756755828857, 'eval_test_f1': 0.3535092645427265, 'eval_test_precision': 0.386143568624382, 'eval_test_recall': 0.37762877876488715, 'eval_test_accuracy': 0.8032751822276465, 'eval_test_runtime': 1.1685, 'eval_test_samples_per_second': 85.58, 'eval_test_steps_per_second': 5.991, 'epoch': 15.0}
{'eval_valid_loss': 0.7503294348716736, 'eval_valid_f1': 0.40829820216800555, 'eval_valid_precision': 0.44208777534100185, 'eval_valid_recall': 0.4709937280404236, 'eval_valid_accuracy': 0.8153011483835158, 'eval_valid_runtime': 1.1595, 'eval_valid_samples_per_second': 86.248, 'eval_valid_steps_per_second': 6.037, 'epoch': 16.0}
{'eval_test_loss': 0.7121514081954956, 'eval_test_f1': 0.36314861546745625, 'eval_test_precision': 0.38308330793889356, 'eval_test_recall': 0.39359224290941947, 'eval_test_accuracy': 0.8027162260018242, 'eval_test_runtime': 1.1652, 'eval_test_samples_per_second': 85.82, 'eval_test_steps_per_second': 6.007, 'epoch': 16.0}
{'train_runtime': 416.0045, 'train_samples_per_second': 109.734, 'train_steps_per_second': 6.971, 'train_loss': 0.18579037847190066, 'epoch': 16.0}
train label [[-100, 0, 0, 0, 0, 0, 0, 0, 0, 0, 0, 0, 0, 0, 0, 0, 0, 0, 0, 0, 0, 0, 0, 0, 0, 0, 0, 0, 0, 0, 0, 0, 1, 1, 1, 1, 1, 1, 1, 1, 1, 1, 1, 1, 1, 1, 1, -100]]
train prediction before [1, 1, 1, 1, 0, 0, 1, 1, 1, 1, 1, 1, 1, 0, 0, 1, 1, 1, 1, 1, 1, 1, 1, 0, 1, 1, 0, 1, 0, 1, 1, 0, 1, 0, 1, 1, 1, 0, 1, 1, 1, 1, 1, 1, 1, 0, 0, 1]
train prediction after [1, 0, 0, 0, 0, 0, 0, 0, 0, 0, 0, 0, 0, 0, 0, 0, 0, 0, 0, 0, 0, 0, 0, 0, 0, 0, 0, 0, 0, 0, 0, 0, 1, 1, 1, 1, 1, 1, 1, 1, 1, 1, 1, 1, 1, 1, 1, 0]
valid label [[-100, 1, 1, 1, 1, 1, 1, 1, 1, 1, 0, 0, 0, 0, 0, 0, 0, 0, 0, 0, 0, 0, 1, 1, 1, 1, 1, 1, 1, 1, 1, 1, 1, 1, 1, 1, 1, 1, 1, 1, 1, 1, 1, 1, 1, 1, 1, 1, 1, 1, 1, 1, 1, 1, 1, 1, 0, 0, 0, 0, 0, 0, 0, 0, 0, 0, 0, -100]]
valid prediction before [1, 0, 0, 0, 0, 0, 0, 0, 0, 0, 0, 0, 1, 0, 0, 1, 0, 1, 0, 1, 1, 1, 1, 0, 0, 0, 0, 0, 0, 0, 0, 1, 1, 0, 0, 0, 0, 0, 0, 0, 0, 1, 0, 0, 0, 0, 0, 0, 0, 0, 1, 1, 0, 1, 0, 0, 1, 1, 1, 1, 0, 0, 0, 0, 0, 0, 0, 1]
valid prediction after [1, 1, 1, 1, 1, 1, 1, 1, 1, 1, 0, 0, 1, 1, 1, 1, 1, 1, 1, 1, 1, 1, 1, 1, 1, 1, 1, 1, 1, 1, 1, 1, 1, 1, 1, 1, 1, 1, 1, 1, 1, 1, 1, 1, 0, 0, 0, 0, 0, 0, 0, 0, 1, 1, 1, 1, 1, 1, 1, 1, 1, 1, 1, 1, 1, 1, 1, 1]
expert label [[-100, 1, 1, 1, 1, 1, 1, 1, 1, 1, 1, 1, 1, 1, 1, 1, 1, 1, 1, 1, 1, 1, 1, 1, 1, 1, 1, 1, 1, 1, 1, 1, 1, 1, 1, 1, 1, 1, 1, 1, 1, 1, 1, 1, 1, 1, 1, 1, 1, 1, 1, 1, 1, 1, 1, 1, 1, 1, 1, 1, 1, 1, 1, 1, 1, 1, 1, 1, 1, 1, 1, 1, 1, 1, 0, 0, 0, 0, 0, 0, 0, 0, 0, 0, 0, 0, 0, 0, 0, 0, 0, 0, 0, 0, 0, 0, 0, 0, 0, 0, 0, 0, 0, 0, 0, 0, 0, 0, 0, 0, 0, 0, 0, 0, -100]]
expert prediction before [1, 1, 1, 1, 1, 1, 0, 0, 0, 1, 1, 1, 1, 1, 1, 0, 1, 0, 0, 0, 0, 0, 0, 0, 1, 1, 1, 1, 1, 1, 0, 0, 0, 1, 0, 0, 0, 1, 1, 1, 1, 1, 0, 1, 0, 0, 0, 0, 0, 0, 0, 0, 1, 1, 0, 0, 1, 0, 1, 1, 0, 0, 0, 1, 1, 1, 0, 1, 1, 0, 1, 0, 0, 1, 1, 0, 1, 1, 1, 1, 1, 0, 0, 0, 0, 0, 0, 0, 0, 0, 0, 0, 0, 1, 1, 1, 0, 1, 0, 0, 1, 0, 1, 0, 1, 1, 1, 0, 0, 1, 1, 1, 1, 1, 0]
expert prediction after [0, 1, 1, 1, 1, 1, 1, 1, 1, 1, 1, 1, 1, 1, 1, 1, 1, 0, 1, 0, 0, 0, 0, 1, 0, 1, 1, 1, 1, 1, 1, 1, 1, 1, 1, 1, 1, 1, 1, 1, 1, 1, 0, 0, 0, 0, 0, 0, 0, 0, 0, 0, 0, 0, 0, 0, 0, 0, 0, 0, 0, 0, 0, 0, 0, 0, 0, 0, 0, 0, 0, 0, 0, 0, 0, 0, 0, 1, 1, 1, 1, 1, 0, 0, 0, 0, 0, 0, 0, 0, 0, 0, 0, 0, 0, 0, 0, 0, 0, 0, 0, 0, 0, 0, 0, 0, 0, 0, 0, 0, 0, 0, 0, 0, 0]
[FINISH] training for naive
=====================
[START] training for loose
{'eval_valid_loss': 0.5314795970916748, 'eval_valid_f1': 0.5496656382915011, 'eval_valid_precision': 0.6604406578033675, 'eval_valid_recall': 0.5536260735078478, 'eval_valid_accuracy': 0.7471262257650308, 'eval_valid_runtime': 1.1673, 'eval_valid_samples_per_second': 85.665, 'eval_valid_steps_per_second': 5.997, 'epoch': 1.0}
{'eval_test_loss': 0.582500696182251, 'eval_test_f1': 0.35348234255817806, 'eval_test_precision': 0.3249873845768095, 'eval_test_recall': 0.48829239854927275, 'eval_test_accuracy': 0.70838207807142, 'eval_test_runtime': 1.1647, 'eval_test_samples_per_second': 85.856, 'eval_test_steps_per_second': 6.01, 'epoch': 1.0}
{'eval_valid_loss': 0.5023329257965088, 'eval_valid_f1': 0.6569030454238961, 'eval_valid_precision': 0.6931512220461283, 'eval_valid_recall': 0.7044894915422095, 'eval_valid_accuracy': 0.7595871295521188, 'eval_valid_runtime': 1.1625, 'eval_valid_samples_per_second': 86.022, 'eval_valid_steps_per_second': 6.022, 'epoch': 2.0}
{'eval_test_loss': 0.7026582360267639, 'eval_test_f1': 0.3807916031990637, 'eval_test_precision': 0.3172678911509283, 'eval_test_recall': 0.568700936580068, 'eval_test_accuracy': 0.6331928947151314, 'eval_test_runtime': 1.1847, 'eval_test_samples_per_second': 84.407, 'eval_test_steps_per_second': 5.908, 'epoch': 2.0}
{'eval_valid_loss': 0.4854047894477844, 'eval_valid_f1': 0.6545732811081725, 'eval_valid_precision': 0.7484293174309083, 'eval_valid_recall': 0.6766979795542679, 'eval_valid_accuracy': 0.7729600741275283, 'eval_valid_runtime': 1.1661, 'eval_valid_samples_per_second': 85.757, 'eval_valid_steps_per_second': 6.003, 'epoch': 3.0}
{'eval_test_loss': 0.724190354347229, 'eval_test_f1': 0.38953515150940304, 'eval_test_precision': 0.3312326482187266, 'eval_test_recall': 0.5679236240778174, 'eval_test_accuracy': 0.6843780377517044, 'eval_test_runtime': 1.2038, 'eval_test_samples_per_second': 83.068, 'eval_test_steps_per_second': 5.815, 'epoch': 3.0}
{'eval_valid_loss': 0.4817325472831726, 'eval_valid_f1': 0.7109960273140294, 'eval_valid_precision': 0.7318269346736992, 'eval_valid_recall': 0.763252818913681, 'eval_valid_accuracy': 0.7717788488882948, 'eval_valid_runtime': 1.1684, 'eval_valid_samples_per_second': 85.586, 'eval_valid_steps_per_second': 5.991, 'epoch': 4.0}
{'eval_test_loss': 0.8056087493896484, 'eval_test_f1': 0.3936348070583039, 'eval_test_precision': 0.33202679221728504, 'eval_test_recall': 0.5712350532124274, 'eval_test_accuracy': 0.6172488515251228, 'eval_test_runtime': 1.1617, 'eval_test_samples_per_second': 86.082, 'eval_test_steps_per_second': 6.026, 'epoch': 4.0}
{'eval_valid_loss': 0.4980279505252838, 'eval_valid_f1': 0.6442878472002053, 'eval_valid_precision': 0.7452514794887865, 'eval_valid_recall': 0.6547291472132407, 'eval_valid_accuracy': 0.759818388973761, 'eval_valid_runtime': 1.1669, 'eval_valid_samples_per_second': 85.696, 'eval_valid_steps_per_second': 5.999, 'epoch': 5.0}
{'eval_test_loss': 0.707233190536499, 'eval_test_f1': 0.397151934012905, 'eval_test_precision': 0.3589952073151534, 'eval_test_recall': 0.5340041802126569, 'eval_test_accuracy': 0.6915963741058907, 'eval_test_runtime': 1.1988, 'eval_test_samples_per_second': 83.415, 'eval_test_steps_per_second': 5.839, 'epoch': 5.0}
{'eval_valid_loss': 0.5530301928520203, 'eval_valid_f1': 0.6750227193639895, 'eval_valid_precision': 0.732581910712813, 'eval_valid_recall': 0.7089754279430772, 'eval_valid_accuracy': 0.7580116472557623, 'eval_valid_runtime': 1.1895, 'eval_valid_samples_per_second': 84.069, 'eval_valid_steps_per_second': 5.885, 'epoch': 6.0}
{'eval_test_loss': 0.9259226322174072, 'eval_test_f1': 0.39852581884286636, 'eval_test_precision': 0.3569179230287506, 'eval_test_recall': 0.5468524587686789, 'eval_test_accuracy': 0.657449438318119, 'eval_test_runtime': 1.162, 'eval_test_samples_per_second': 86.062, 'eval_test_steps_per_second': 6.024, 'epoch': 6.0}
{'eval_valid_loss': 0.6211858987808228, 'eval_valid_f1': 0.7244024769452078, 'eval_valid_precision': 0.7337444324593503, 'eval_valid_recall': 0.7908446996042551, 'eval_valid_accuracy': 0.7673450450611186, 'eval_valid_runtime': 1.1818, 'eval_valid_samples_per_second': 84.617, 'eval_valid_steps_per_second': 5.923, 'epoch': 7.0}
{'eval_test_loss': 1.248888373374939, 'eval_test_f1': 0.4053044120593263, 'eval_test_precision': 0.3497006909696356, 'eval_test_recall': 0.5806121506156282, 'eval_test_accuracy': 0.6091574602142382, 'eval_test_runtime': 1.152, 'eval_test_samples_per_second': 86.804, 'eval_test_steps_per_second': 6.076, 'epoch': 7.0}
{'eval_valid_loss': 0.5840780735015869, 'eval_valid_f1': 0.707243806559325, 'eval_valid_precision': 0.7344079612088318, 'eval_valid_recall': 0.7613406689340307, 'eval_valid_accuracy': 0.7707344934048372, 'eval_valid_runtime': 1.1556, 'eval_valid_samples_per_second': 86.535, 'eval_valid_steps_per_second': 6.057, 'epoch': 8.0}
{'eval_test_loss': 1.1513371467590332, 'eval_test_f1': 0.4079409312737963, 'eval_test_precision': 0.3491156100789955, 'eval_test_recall': 0.5829193892522482, 'eval_test_accuracy': 0.6325815671465574, 'eval_test_runtime': 1.1856, 'eval_test_samples_per_second': 84.342, 'eval_test_steps_per_second': 5.904, 'epoch': 8.0}
{'loss': 0.3827, 'grad_norm': 1.555446743965149, 'learning_rate': 1.6551724137931037e-05, 'epoch': 8.62}
{'eval_valid_loss': 0.5971983075141907, 'eval_valid_f1': 0.6766495734168194, 'eval_valid_precision': 0.7547913760658637, 'eval_valid_recall': 0.6855809672135109, 'eval_valid_accuracy': 0.7633011939024325, 'eval_valid_runtime': 1.19, 'eval_valid_samples_per_second': 84.03, 'eval_valid_steps_per_second': 5.882, 'epoch': 9.0}
{'eval_test_loss': 0.9806913137435913, 'eval_test_f1': 0.3937344354622262, 'eval_test_precision': 0.36045392379526603, 'eval_test_recall': 0.5229644773409443, 'eval_test_accuracy': 0.666223453207396, 'eval_test_runtime': 1.1651, 'eval_test_samples_per_second': 85.83, 'eval_test_steps_per_second': 6.008, 'epoch': 9.0}
{'eval_valid_loss': 0.6557683348655701, 'eval_valid_f1': 0.7149238084733877, 'eval_valid_precision': 0.7321335987208455, 'eval_valid_recall': 0.7640595576902238, 'eval_valid_accuracy': 0.7775630566813796, 'eval_valid_runtime': 1.2085, 'eval_valid_samples_per_second': 82.748, 'eval_valid_steps_per_second': 5.792, 'epoch': 10.0}
{'eval_test_loss': 1.2878880500793457, 'eval_test_f1': 0.4027652591173869, 'eval_test_precision': 0.34724694166693637, 'eval_test_recall': 0.5716636081747555, 'eval_test_accuracy': 0.6276495142061973, 'eval_test_runtime': 1.159, 'eval_test_samples_per_second': 86.284, 'eval_test_steps_per_second': 6.04, 'epoch': 10.0}
{'eval_valid_loss': 0.6449546217918396, 'eval_valid_f1': 0.7056427716185619, 'eval_valid_precision': 0.7563687383980054, 'eval_valid_recall': 0.7295839331057985, 'eval_valid_accuracy': 0.7750078245937544, 'eval_valid_runtime': 1.1648, 'eval_valid_samples_per_second': 85.849, 'eval_valid_steps_per_second': 6.009, 'epoch': 11.0}
{'eval_test_loss': 1.1911107301712036, 'eval_test_f1': 0.3995402269570147, 'eval_test_precision': 0.3499879826800678, 'eval_test_recall': 0.5458242969623126, 'eval_test_accuracy': 0.6496326318433883, 'eval_test_runtime': 1.173, 'eval_test_samples_per_second': 85.252, 'eval_test_steps_per_second': 5.968, 'epoch': 11.0}
{'eval_valid_loss': 0.7207835912704468, 'eval_valid_f1': 0.699674380998265, 'eval_valid_precision': 0.7316646663233358, 'eval_valid_recall': 0.7387301647085609, 'eval_valid_accuracy': 0.7701768803137412, 'eval_valid_runtime': 1.1589, 'eval_valid_samples_per_second': 86.285, 'eval_valid_steps_per_second': 6.04, 'epoch': 12.0}
{'eval_test_loss': 1.3619111776351929, 'eval_test_f1': 0.39955859441576974, 'eval_test_precision': 0.34926648199368254, 'eval_test_recall': 0.5616886051612154, 'eval_test_accuracy': 0.6358314028011708, 'eval_test_runtime': 1.155, 'eval_test_samples_per_second': 86.584, 'eval_test_steps_per_second': 6.061, 'epoch': 12.0}
{'train_runtime': 301.2251, 'train_samples_per_second': 151.548, 'train_steps_per_second': 9.627, 'train_loss': 0.3255931755592083, 'epoch': 12.0}
train label [[-100, 0, 0, 0, 0, 0, 0, 0, 0, 0, 0, 0, 0, 0, 0, 0, 0, 0, 0, 0, 0, 0, 0, 0, 1, 1, 1, 1, 1, 1, 1, 1, 1, 1, 1, 1, 1, 1, 1, 1, 1, 1, 1, 1, 1, 1, 1, -100]]
train prediction before [1, 1, 0, 1, 0, 0, 1, 0, 0, 0, 0, 1, 1, 1, 1, 0, 0, 1, 1, 0, 1, 1, 0, 0, 0, 0, 0, 0, 1, 1, 0, 0, 1, 1, 1, 1, 0, 0, 1, 1, 1, 0, 0, 0, 1, 0, 0, 1]
train prediction after [1, 0, 0, 0, 0, 0, 0, 0, 0, 0, 0, 0, 0, 0, 0, 0, 0, 0, 0, 0, 0, 0, 0, 0, 1, 1, 1, 1, 1, 1, 1, 1, 1, 1, 1, 1, 1, 1, 1, 1, 1, 1, 1, 1, 1, 1, 1, 1]
valid label [[-100, 1, 1, 1, 1, 1, 1, 1, 1, 1, 1, 1, 1, 1, 1, 1, 1, 1, 1, 1, 1, 1, 1, 1, 1, 1, 1, 1, 1, 1, 1, 1, 1, 1, 1, 1, 1, 1, 1, 1, 1, 1, 1, 1, 1, 1, 1, 1, 1, 1, 1, 1, 1, 1, 1, 1, 1, 1, 1, 1, 1, 1, 1, 1, 1, 1, 1, -100]]
valid prediction before [1, 1, 1, 1, 1, 1, 0, 1, 0, 0, 0, 0, 0, 0, 0, 1, 1, 0, 0, 0, 1, 0, 0, 0, 0, 1, 0, 1, 1, 1, 0, 0, 0, 1, 0, 1, 0, 0, 1, 0, 0, 0, 0, 0, 0, 0, 0, 0, 0, 0, 1, 0, 1, 0, 0, 0, 1, 0, 0, 0, 0, 0, 1, 0, 1, 0, 0, 1]
valid prediction after [1, 1, 1, 1, 1, 1, 1, 1, 1, 1, 1, 1, 1, 1, 1, 1, 1, 1, 1, 1, 1, 1, 1, 1, 1, 1, 1, 1, 1, 1, 1, 1, 1, 1, 1, 1, 1, 1, 1, 1, 1, 1, 1, 1, 1, 1, 1, 1, 1, 1, 1, 1, 1, 1, 1, 1, 1, 1, 1, 1, 1, 1, 1, 1, 1, 1, 1, 1]
expert label [[-100, 1, 1, 1, 1, 1, 1, 1, 1, 1, 1, 1, 1, 1, 1, 1, 1, 1, 1, 1, 1, 1, 1, 1, 1, 1, 1, 1, 1, 1, 1, 1, 1, 1, 1, 1, 1, 1, 1, 1, 1, 1, 1, 1, 1, 1, 1, 1, 1, 1, 1, 1, 1, 1, 1, 1, 1, 1, 1, 1, 1, 1, 1, 1, 1, 1, 1, 1, 1, 1, 1, 1, 1, 1, 0, 0, 0, 0, 0, 0, 0, 0, 0, 0, 0, 0, 0, 0, 0, 0, 0, 0, 0, 0, 0, 0, 0, 0, 0, 0, 0, 0, 0, 0, 0, 0, 0, 0, 0, 0, 0, 0, 0, 0, -100]]
expert prediction before [1, 1, 1, 0, 1, 0, 1, 1, 1, 1, 0, 0, 0, 1, 1, 0, 0, 0, 0, 0, 0, 0, 0, 0, 1, 0, 0, 0, 0, 1, 0, 0, 0, 0, 0, 0, 0, 1, 1, 1, 1, 1, 0, 0, 0, 1, 0, 0, 0, 0, 0, 0, 0, 0, 0, 1, 1, 0, 0, 0, 1, 1, 0, 0, 0, 0, 0, 0, 1, 1, 1, 1, 1, 0, 0, 0, 0, 0, 0, 0, 0, 1, 0, 0, 0, 0, 0, 0, 0, 1, 0, 0, 0, 0, 0, 0, 0, 0, 0, 0, 0, 0, 0, 0, 0, 0, 0, 0, 1, 1, 0, 0, 0, 0, 0]
expert prediction after [1, 1, 1, 1, 1, 1, 1, 1, 1, 1, 1, 1, 1, 1, 1, 1, 1, 1, 1, 1, 1, 1, 1, 1, 1, 1, 1, 1, 1, 1, 1, 1, 1, 1, 1, 1, 1, 1, 1, 1, 1, 1, 1, 1, 0, 1, 1, 1, 1, 1, 1, 1, 1, 1, 1, 1, 1, 1, 1, 1, 1, 1, 1, 1, 1, 1, 1, 1, 1, 1, 1, 1, 1, 1, 0, 0, 1, 1, 1, 1, 1, 1, 1, 0, 0, 0, 0, 0, 0, 0, 0, 0, 0, 1, 1, 0, 0, 0, 0, 0, 1, 1, 1, 1, 0, 0, 0, 1, 0, 1, 1, 1, 1, 0, 1]
[FINISH] training for loose
=====================
